Logging output to /home/rf/Desktop/Printify_prodcuct_generator/src/data/staging/logs/uk-price-breakdown-20260414-001138.log
Scanning 1 blueprint(s) for UK-deliverable provider/variant/options combinations.
Ranking is based on one-item delivered total to GB: provider amount + first-item shipping, normalized to GBP.

Blueprint 11 - Women's Jersey Short Sleeve Deep V-Neck Tee: 1 UK-capable provider(s)
[Currency] Using cached exchange rate for USD to GBP: 0.7418397626112759643916913947 at 4/13/2026 5:14:19 PM

Finished scanning 1 blueprint(s).
UK-capable blueprints: 1
UK-deliverable combinations priced: 0
Variants skipped without comparable provider amount: 1
No UK-deliverable combinations with provider base pricing were found.
Printify's current public catalog variants endpoint no longer returns cost or price fields, so delivered totals cannot be computed from catalog data alone.

Cheapest UK shipping-only combination:
First-item shipping to GB: GBP 2.59
Shipping amount: USD 3.49
Blueprint: 11 - Women's Jersey Short Sleeve Deep V-Neck Tee
Provider: 6 - T Shirt and Sons
Variant: 18572 - S / Black
Options: color=Black, size=S
Additional-item shipping: USD 1.99

Most expensive UK shipping-only combination:
First-item shipping to GB: GBP 2.59
Shipping amount: USD 3.49
Blueprint: 11 - Women's Jersey Short Sleeve Deep V-Neck Tee
Provider: 6 - T Shirt and Sons
Variant: 18572 - S / Black
Options: color=Black, size=S
Additional-item shipping: USD 1.99
