Logging output to /home/rf/Desktop/Printify_prodcuct_generator/src/data/staging/logs/uk-price-breakdown-20260414-002222.log
Using shop 27067580 (My new store) for temporary draft-product cost probing.
Uploaded probe image 69dd875660fa3e50ed6626e6 for temporary product creation.
Scanning 1 blueprint(s) for UK-deliverable provider/variant/options combinations.
Ranking is based on one-item delivered total to GB: provider amount + first-item shipping, normalized to GBP.

Blueprint 11 - Women's Jersey Short Sleeve Deep V-Neck Tee: 1 UK-capable provider(s)
  Deleted temporary probe product 69dd88c36d5edb6e5d019efc.
  Loaded production costs for 45 variants via temporary draft product.
[Currency] Using cached exchange rate for USD to GBP: 0.7418397626112759643916913947 at 4/13/2026 5:14:19 PM
[1] total GBP 15.92 | production cost USD 17.97 + shipping USD 3.49 | additional shipping USD 1.99 | blueprint 11 Women's Jersey Short Sleeve Deep V-Neck Tee | provider 6 T Shirt and Sons | variant 18560 L / Athletic Heather | options color=Athletic Heather, size=L
  -> New cheapest so far: GBP 15.92
  -> New most expensive so far: GBP 15.92
[2] total GBP 15.92 | production cost USD 17.97 + shipping USD 3.49 | additional shipping USD 1.99 | blueprint 11 Women's Jersey Short Sleeve Deep V-Neck Tee | provider 6 T Shirt and Sons | variant 18561 M / Athletic Heather | options color=Athletic Heather, size=M
[3] total GBP 15.92 | production cost USD 17.97 + shipping USD 3.49 | additional shipping USD 1.99 | blueprint 11 Women's Jersey Short Sleeve Deep V-Neck Tee | provider 6 T Shirt and Sons | variant 18562 S / Athletic Heather | options color=Athletic Heather, size=S
[4] total GBP 15.92 | production cost USD 17.97 + shipping USD 3.49 | additional shipping USD 1.99 | blueprint 11 Women's Jersey Short Sleeve Deep V-Neck Tee | provider 6 T Shirt and Sons | variant 18563 XL / Athletic Heather | options color=Athletic Heather, size=XL
[5] total GBP 16.21 | production cost USD 18.36 + shipping USD 3.49 | additional shipping USD 1.99 | blueprint 11 Women's Jersey Short Sleeve Deep V-Neck Tee | provider 6 T Shirt and Sons | variant 18564 2XL / Athletic Heather | options color=Athletic Heather, size=2XL
  -> New most expensive so far: GBP 16.21
[6] total GBP 15.92 | production cost USD 17.97 + shipping USD 3.49 | additional shipping USD 1.99 | blueprint 11 Women's Jersey Short Sleeve Deep V-Neck Tee | provider 6 T Shirt and Sons | variant 18570 L / Black | options color=Black, size=L
[7] total GBP 15.92 | production cost USD 17.97 + shipping USD 3.49 | additional shipping USD 1.99 | blueprint 11 Women's Jersey Short Sleeve Deep V-Neck Tee | provider 6 T Shirt and Sons | variant 18571 M / Black | options color=Black, size=M
[8] total GBP 15.92 | production cost USD 17.97 + shipping USD 3.49 | additional shipping USD 1.99 | blueprint 11 Women's Jersey Short Sleeve Deep V-Neck Tee | provider 6 T Shirt and Sons | variant 18572 S / Black | options color=Black, size=S
[9] total GBP 15.92 | production cost USD 17.97 + shipping USD 3.49 | additional shipping USD 1.99 | blueprint 11 Women's Jersey Short Sleeve Deep V-Neck Tee | provider 6 T Shirt and Sons | variant 18573 XL / Black | options color=Black, size=XL
[10] total GBP 16.21 | production cost USD 18.36 + shipping USD 3.49 | additional shipping USD 1.99 | blueprint 11 Women's Jersey Short Sleeve Deep V-Neck Tee | provider 6 T Shirt and Sons | variant 18574 2XL / Black | options color=Black, size=2XL
[11] total GBP 15.92 | production cost USD 17.97 + shipping USD 3.49 | additional shipping USD 1.99 | blueprint 11 Women's Jersey Short Sleeve Deep V-Neck Tee | provider 6 T Shirt and Sons | variant 18590 L / Coral | options color=Coral, size=L
[12] total GBP 15.92 | production cost USD 17.97 + shipping USD 3.49 | additional shipping USD 1.99 | blueprint 11 Women's Jersey Short Sleeve Deep V-Neck Tee | provider 6 T Shirt and Sons | variant 18591 M / Coral | options color=Coral, size=M
[13] total GBP 15.92 | production cost USD 17.97 + shipping USD 3.49 | additional shipping USD 1.99 | blueprint 11 Women's Jersey Short Sleeve Deep V-Neck Tee | provider 6 T Shirt and Sons | variant 18592 S / Coral | options color=Coral, size=S
[14] total GBP 15.92 | production cost USD 17.97 + shipping USD 3.49 | additional shipping USD 1.99 | blueprint 11 Women's Jersey Short Sleeve Deep V-Neck Tee | provider 6 T Shirt and Sons | variant 18593 XL / Coral | options color=Coral, size=XL
[15] total GBP 16.21 | production cost USD 18.36 + shipping USD 3.49 | additional shipping USD 1.99 | blueprint 11 Women's Jersey Short Sleeve Deep V-Neck Tee | provider 6 T Shirt and Sons | variant 18594 2XL / Coral | options color=Coral, size=2XL
[16] total GBP 15.92 | production cost USD 17.97 + shipping USD 3.49 | additional shipping USD 1.99 | blueprint 11 Women's Jersey Short Sleeve Deep V-Neck Tee | provider 6 T Shirt and Sons | variant 18615 L / Navy | options color=Navy, size=L
[17] total GBP 15.92 | production cost USD 17.97 + shipping USD 3.49 | additional shipping USD 1.99 | blueprint 11 Women's Jersey Short Sleeve Deep V-Neck Tee | provider 6 T Shirt and Sons | variant 18616 M / Navy | options color=Navy, size=M
[18] total GBP 15.92 | production cost USD 17.97 + shipping USD 3.49 | additional shipping USD 1.99 | blueprint 11 Women's Jersey Short Sleeve Deep V-Neck Tee | provider 6 T Shirt and Sons | variant 18617 S / Navy | options color=Navy, size=S
[19] total GBP 15.92 | production cost USD 17.97 + shipping USD 3.49 | additional shipping USD 1.99 | blueprint 11 Women's Jersey Short Sleeve Deep V-Neck Tee | provider 6 T Shirt and Sons | variant 18618 XL / Navy | options color=Navy, size=XL
[20] total GBP 16.21 | production cost USD 18.36 + shipping USD 3.49 | additional shipping USD 1.99 | blueprint 11 Women's Jersey Short Sleeve Deep V-Neck Tee | provider 6 T Shirt and Sons | variant 18619 2XL / Navy | options color=Navy, size=2XL
[21] total GBP 15.92 | production cost USD 17.97 + shipping USD 3.49 | additional shipping USD 1.99 | blueprint 11 Women's Jersey Short Sleeve Deep V-Neck Tee | provider 6 T Shirt and Sons | variant 18645 L / Red | options color=Red, size=L
[22] total GBP 15.92 | production cost USD 17.97 + shipping USD 3.49 | additional shipping USD 1.99 | blueprint 11 Women's Jersey Short Sleeve Deep V-Neck Tee | provider 6 T Shirt and Sons | variant 18646 M / Red | options color=Red, size=M
[23] total GBP 15.92 | production cost USD 17.97 + shipping USD 3.49 | additional shipping USD 1.99 | blueprint 11 Women's Jersey Short Sleeve Deep V-Neck Tee | provider 6 T Shirt and Sons | variant 18647 S / Red | options color=Red, size=S
[24] total GBP 15.92 | production cost USD 17.97 + shipping USD 3.49 | additional shipping USD 1.99 | blueprint 11 Women's Jersey Short Sleeve Deep V-Neck Tee | provider 6 T Shirt and Sons | variant 18648 XL / Red | options color=Red, size=XL
[25] total GBP 16.21 | production cost USD 18.36 + shipping USD 3.49 | additional shipping USD 1.99 | blueprint 11 Women's Jersey Short Sleeve Deep V-Neck Tee | provider 6 T Shirt and Sons | variant 18649 2XL / Red | options color=Red, size=2XL
[26] total GBP 15.92 | production cost USD 17.97 + shipping USD 3.49 | additional shipping USD 1.99 | blueprint 11 Women's Jersey Short Sleeve Deep V-Neck Tee | provider 6 T Shirt and Sons | variant 18655 L / Team Purple | options color=Team Purple, size=L
[27] total GBP 15.92 | production cost USD 17.97 + shipping USD 3.49 | additional shipping USD 1.99 | blueprint 11 Women's Jersey Short Sleeve Deep V-Neck Tee | provider 6 T Shirt and Sons | variant 18656 M / Team Purple | options color=Team Purple, size=M
[28] total GBP 15.92 | production cost USD 17.97 + shipping USD 3.49 | additional shipping USD 1.99 | blueprint 11 Women's Jersey Short Sleeve Deep V-Neck Tee | provider 6 T Shirt and Sons | variant 18657 S / Team Purple | options color=Team Purple, size=S
[29] total GBP 15.92 | production cost USD 17.97 + shipping USD 3.49 | additional shipping USD 1.99 | blueprint 11 Women's Jersey Short Sleeve Deep V-Neck Tee | provider 6 T Shirt and Sons | variant 18658 XL / Team Purple | options color=Team Purple, size=XL
[30] total GBP 16.21 | production cost USD 18.36 + shipping USD 3.49 | additional shipping USD 1.99 | blueprint 11 Women's Jersey Short Sleeve Deep V-Neck Tee | provider 6 T Shirt and Sons | variant 18659 2XL / Team Purple | options color=Team Purple, size=2XL
[31] total GBP 15.92 | production cost USD 17.97 + shipping USD 3.49 | additional shipping USD 1.99 | blueprint 11 Women's Jersey Short Sleeve Deep V-Neck Tee | provider 6 T Shirt and Sons | variant 18660 L / True Royal | options color=True Royal, size=L
[32] total GBP 15.92 | production cost USD 17.97 + shipping USD 3.49 | additional shipping USD 1.99 | blueprint 11 Women's Jersey Short Sleeve Deep V-Neck Tee | provider 6 T Shirt and Sons | variant 18661 M / True Royal | options color=True Royal, size=M
[33] total GBP 15.92 | production cost USD 17.97 + shipping USD 3.49 | additional shipping USD 1.99 | blueprint 11 Women's Jersey Short Sleeve Deep V-Neck Tee | provider 6 T Shirt and Sons | variant 18662 S / True Royal | options color=True Royal, size=S
[34] total GBP 15.92 | production cost USD 17.97 + shipping USD 3.49 | additional shipping USD 1.99 | blueprint 11 Women's Jersey Short Sleeve Deep V-Neck Tee | provider 6 T Shirt and Sons | variant 18663 XL / True Royal | options color=True Royal, size=XL
[35] total GBP 16.21 | production cost USD 18.36 + shipping USD 3.49 | additional shipping USD 1.99 | blueprint 11 Women's Jersey Short Sleeve Deep V-Neck Tee | provider 6 T Shirt and Sons | variant 18664 2XL / True Royal | options color=True Royal, size=2XL
[36] total GBP 15.92 | production cost USD 17.97 + shipping USD 3.49 | additional shipping USD 1.99 | blueprint 11 Women's Jersey Short Sleeve Deep V-Neck Tee | provider 6 T Shirt and Sons | variant 18674 L / Turquoise | options color=Turquoise, size=L
[37] total GBP 15.92 | production cost USD 17.97 + shipping USD 3.49 | additional shipping USD 1.99 | blueprint 11 Women's Jersey Short Sleeve Deep V-Neck Tee | provider 6 T Shirt and Sons | variant 18676 M / Turquoise | options color=Turquoise, size=M
[38] total GBP 15.92 | production cost USD 17.97 + shipping USD 3.49 | additional shipping USD 1.99 | blueprint 11 Women's Jersey Short Sleeve Deep V-Neck Tee | provider 6 T Shirt and Sons | variant 18677 S / Turquoise | options color=Turquoise, size=S
[39] total GBP 15.92 | production cost USD 17.97 + shipping USD 3.49 | additional shipping USD 1.99 | blueprint 11 Women's Jersey Short Sleeve Deep V-Neck Tee | provider 6 T Shirt and Sons | variant 18678 XL / Turquoise | options color=Turquoise, size=XL
[40] total GBP 16.21 | production cost USD 18.36 + shipping USD 3.49 | additional shipping USD 1.99 | blueprint 11 Women's Jersey Short Sleeve Deep V-Neck Tee | provider 6 T Shirt and Sons | variant 18679 2XL / Turquoise | options color=Turquoise, size=2XL
[41] total GBP 15.11 | production cost USD 16.88 + shipping USD 3.49 | additional shipping USD 1.99 | blueprint 11 Women's Jersey Short Sleeve Deep V-Neck Tee | provider 6 T Shirt and Sons | variant 18683 L / White | options color=White, size=L
  -> New cheapest so far: GBP 15.11
[42] total GBP 15.11 | production cost USD 16.88 + shipping USD 3.49 | additional shipping USD 1.99 | blueprint 11 Women's Jersey Short Sleeve Deep V-Neck Tee | provider 6 T Shirt and Sons | variant 18685 M / White | options color=White, size=M
[43] total GBP 15.11 | production cost USD 16.88 + shipping USD 3.49 | additional shipping USD 1.99 | blueprint 11 Women's Jersey Short Sleeve Deep V-Neck Tee | provider 6 T Shirt and Sons | variant 18687 S / White | options color=White, size=S
[44] total GBP 15.11 | production cost USD 16.88 + shipping USD 3.49 | additional shipping USD 1.99 | blueprint 11 Women's Jersey Short Sleeve Deep V-Neck Tee | provider 6 T Shirt and Sons | variant 18688 XL / White | options color=White, size=XL
[45] total GBP 15.39 | production cost USD 17.26 + shipping USD 3.49 | additional shipping USD 1.99 | blueprint 11 Women's Jersey Short Sleeve Deep V-Neck Tee | provider 6 T Shirt and Sons | variant 18689 2XL / White | options color=White, size=2XL

Finished scanning 1 blueprint(s).
UK-capable blueprints: 1
UK-deliverable combinations priced: 45

Cheapest UK-deliverable combination:
Total to GB: GBP 15.11
Provider amount: USD 16.88 (production cost)
First-item shipping: USD 3.49
Blueprint: 11 - Women's Jersey Short Sleeve Deep V-Neck Tee
Provider: 6 - T Shirt and Sons
Variant: 18683 - L / White
Options: color=White, size=L
Additional-item shipping: USD 1.99

Most expensive UK-deliverable combination:
Total to GB: GBP 16.21
Provider amount: USD 18.36 (production cost)
First-item shipping: USD 3.49
Blueprint: 11 - Women's Jersey Short Sleeve Deep V-Neck Tee
Provider: 6 - T Shirt and Sons
Variant: 18564 - 2XL / Athletic Heather
Options: color=Athletic Heather, size=2XL
Additional-item shipping: USD 1.99
Archived probe image 69dd875660fa3e50ed6626e6.
